<?xml version="1.0" encoding="UTF-8"?>
<testsuite name="com.monotonic.generics._5_wildcards.bounded.PersonStorageTest" tests="6" skipped="0" failures="0" errors="0" timestamp="2021-08-20T22:11:37" hostname="DESKTOP-6V79CIU" time="0.069">
  <properties/>
  <testcase name="savesArraysOfPeople" classname="com.monotonic.generics._5_wildcards.bounded.PersonStorageTest" time="0.01"/>
  <testcase name="savesListsOfPeople" classname="com.monotonic.generics._5_wildcards.bounded.PersonStorageTest" time="0.014"/>
  <testcase name="savesAndLoadsTwoPeople" classname="com.monotonic.generics._5_wildcards.bounded.PersonStorageTest" time="0.006"/>
  <testcase name="loadsListsOfPeople" classname="com.monotonic.generics._5_wildcards.bounded.PersonStorageTest" time="0.023"/>
  <testcase name="cannotLoadFromEmptyFile" classname="com.monotonic.generics._5_wildcards.bounded.PersonStorageTest" time="0.004"/>
  <testcase name="savesAndLoadsPerson" classname="com.monotonic.generics._5_wildcards.bounded.PersonStorageTest" time="0.006"/>
  <system-out><![CDATA[]]></system-out>
  <system-err><![CDATA[]]></system-err>
</testsuite>
