<?xml version="1.0" encoding="UTF-8"?>
<testsuite name="com.monotonic.generics._1_what_and_why_of_generics.CircularBufferTest" tests="4" skipped="0" failures="0" errors="0" timestamp="2021-08-12T23:01:37" hostname="DESKTOP-6V79CIU" time="0.006">
  <properties/>
  <testcase name="shouldOfferPollableElement" classname="com.monotonic.generics._1_what_and_why_of_generics.CircularBufferTest" time="0.002"/>
  <testcase name="shouldNotOfferWhenBufferIsFull" classname="com.monotonic.generics._1_what_and_why_of_generics.CircularBufferTest" time="0.0"/>
  <testcase name="shouldNotPollWhenBufferIsEmpty" classname="com.monotonic.generics._1_what_and_why_of_generics.CircularBufferTest" time="0.001"/>
  <testcase name="shouldRecycleBuffer" classname="com.monotonic.generics._1_what_and_why_of_generics.CircularBufferTest" time="0.001"/>
  <system-out><![CDATA[]]></system-out>
  <system-err><![CDATA[]]></system-err>
</testsuite>
